0 info it worked if it ends with ok
1 verbose cli [ 'C:\\FAST\\nodejs\\0.10.32\\node.exe',
1 verbose cli   'C:\\FAST\\nodejs\\0.10.32\\node_modules\\npm\\bin\\npm-cli.js',
1 verbose cli   'start' ]
2 info using npm@3.8.3
3 info using node@v5.10.1
4 verbose run-script [ 'prestart', 'start', 'poststart' ]
5 info lifecycle React-vitha@2.7.0~prestart: React-vitha@2.7.0
6 silly lifecycle React-vitha@2.7.0~prestart: no script for prestart, continuing
7 info lifecycle React-vitha@2.7.0~start: React-vitha@2.7.0
8 verbose lifecycle React-vitha@2.7.0~start: unsafe-perm in lifecycle true
9 verbose lifecycle React-vitha@2.7.0~start: PATH: C:\FAST\nodejs\0.10.32\node_modules\npm\bin\node-gyp-bin;H:\React_vitha\ReactJS_Seed_Project\node_modules\.bin;C:\FAST\nodejs\0.10.32;C:\Program Files\Micro Focus\Reflection\;C:\Program Files (x86)\Micro Focus\Reflection\;C:\FAST\JDK64\1.7.0.79\bin;C:\FAST\JDK64\1.8.0.45\bin;C:\FAST\JDK\1.7.0.11\bin;C:\FAST\collabnetsvncl\1.7.9;C:\FAST\JDK64\1.6.0.31.1\bin;C:\Program Files (x86)\Intel\iCLS Client\;C:\Program Files\Intel\iCLS Client\;C:\Windows\system32;C:\Windows;C:\Windows\System32\Wbem;C:\Windows\System32\WindowsPowerShell\v1.0\;C:\Program Files\Intel\Intel(R) Management Engine Components\DAL;C:\Program Files\Intel\Intel(R) Management Engine Components\IPT;C:\Program Files (x86)\Intel\Intel(R) Management Engine Components\DAL;C:\Program Files (x86)\Intel\Intel(R) Management Engine Components\IPT;C:\Program Files\nodejs\;C:\Program Files (x86)\TortoiseGit\bin;C:\Program Files\TortoiseSVN\bin;C:\Windows\System32\WindowsPowerShell\v1.0\;C:\Ruby193\bin\;C:\Program Files\aim\aim-install\bin\;C:\Program Files\1E\SMSNomad\;C:\Windows\System32\WindowsPowerShell\v1.0\;C:\Windows\System32\WindowsPowerShell\v1.0\;C:\FAST\nodejs\0.10.32\;C:\FAST\cloudFoundryCLI\6.11.3;C:\Windows\System32\WindowsPowerShell\v1.0\;C:\Windows\System32\WindowsPowerShell\v1.0\;C:\Program Files\HP_Fortify\HP_Fortify_SCA_and_Apps_4.31\bin;C:\Windows\System32\WindowsPowerShell\v1.0\;C:\Program Files\Micro Focus\Reflection\;C:\Program Files (x86)\Micro Focus\Reflection\;C:\FAST\JDK64\1.7.0.79\bin;C:\FAST\JDK64\1.8.0.45\bin;C:\FAST\JDK\1.7.0.11\bin;C:\FAST\collabnetsvncl\1.7.9;C:\FAST\JDK64\1.6.0.31.1\bin;C:\Program Files (x86)\Intel\iCLS Client\;C:\Program Files\Intel\iCLS Client\;C:\Windows\system32;C:\Windows;C:\Windows\System32\Wbem;C:\Windows\System32\WindowsPowerShell\v1.0\;C:\Program Files\Intel\Intel(R) Management Engine Components\DAL;C:\Program Files\Intel\Intel(R) Management Engine Components\IPT;C:\Program Files (x86)\Intel\Intel(R) Management Engine Components\DAL;C:\Program Files (x86)\Intel\Intel(R) Management Engine Components\IPT;C:\Program Files\nodejs\;C:\Program Files (x86)\TortoiseGit\bin;C:\Program Files\TortoiseSVN\bin;C:\Windows\System32\WindowsPowerShell\v1.0\;C:\Ruby193\bin\;C:\Program Files\aim\aim-install\bin\;C:\Program Files\1E\SMSNomad\;C:\Windows\System32\WindowsPowerShell\v1.0\;C:\Windows\System32\WindowsPowerShell\v1.0\;C:\FAST\nodejs\0.10.32\;C:\FAST\cloudFoundryCLI\6.11.3;C:\Windows\System32\WindowsPowerShell\v1.0\;C:\Windows\System32\WindowsPowerShell\v1.0\;C:\Program Files\HP_Fortify\HP_Fortify_SCA_and_Apps_4.31\bin;C:\Windows\System32\WindowsPowerShell\v1.0\;C:\FAST\Python\2.7;C:\Program Files (x86)\Git\bin;C:\SublimeText;C:\Program Files\nodejs;C:\phantomjs-1.9.7;C:\Users\F552431\AppData\Roaming\npm;C:\FAST\collabnetsvncl\1.7.9;C:\aim\gfs\quad\3rd\grails\2.4.3\common/bin;c:\fast\maven\3.2.5/bin;C:\Users\V620335\AppData\Roaming\npm;C:\FAST\cloudFoundryCLI\6.11.3;
10 verbose lifecycle React-vitha@2.7.0~start: CWD: H:\React_vitha\ReactJS_Seed_Project
11 silly lifecycle React-vitha@2.7.0~start: Args: [ '/d /s /c', 'node server.js' ]
12 silly lifecycle React-vitha@2.7.0~start: Returned: code: 3221226356  signal: null
13 info lifecycle React-vitha@2.7.0~start: Failed to exec start script
14 verbose stack Error: React-vitha@2.7.0 start: `node server.js`
14 verbose stack Exit status 3221226356
14 verbose stack     at EventEmitter.<anonymous> (C:\FAST\nodejs\0.10.32\node_modules\npm\lib\utils\lifecycle.js:239:16)
14 verbose stack     at emitTwo (events.js:100:13)
14 verbose stack     at EventEmitter.emit (events.js:185:7)
14 verbose stack     at ChildProcess.<anonymous> (C:\FAST\nodejs\0.10.32\node_modules\npm\lib\utils\spawn.js:24:14)
14 verbose stack     at emitTwo (events.js:100:13)
14 verbose stack     at ChildProcess.emit (events.js:185:7)
14 verbose stack     at maybeClose (internal/child_process.js:850:16)
14 verbose stack     at Process.ChildProcess._handle.onexit (internal/child_process.js:215:5)
15 verbose pkgid React-vitha@2.7.0
16 verbose cwd H:\React_vitha\ReactJS_Seed_Project
17 error Windows_NT 6.1.7601
18 error argv "C:\\FAST\\nodejs\\0.10.32\\node.exe" "C:\\FAST\\nodejs\\0.10.32\\node_modules\\npm\\bin\\npm-cli.js" "start"
19 error node v5.10.1
20 error npm  v3.8.3
21 error code ELIFECYCLE
22 error React-vitha@2.7.0 start: `node server.js`
22 error Exit status 3221226356
23 error Failed at the React-vitha@2.7.0 start script 'node server.js'.
23 error Make sure you have the latest version of node.js and npm installed.
23 error If you do, this is most likely a problem with the React-vitha package,
23 error not with npm itself.
23 error Tell the author that this fails on your system:
23 error     node server.js
23 error You can get information on how to open an issue for this project with:
23 error     npm bugs React-vitha
23 error Or if that isn't available, you can get their info via:
23 error     npm owner ls React-vitha
23 error There is likely additional logging output above.
24 verbose exit [ 1, true ]
